app/build/intermediates/manifest_merge_blame_file/debug/processDebugMainManifest/manifest-merger-blame-debug-report.txt
1<?xml version="1.0" encoding="utf-8"?>
2<manifest xmlns:android="http://schemas.android.com/apk/res/android"
3    package="com.noah.japantripplanner"
4    android:versionCode="1"
5    android:versionName="1.0" >
6
7    <uses-sdk
8        android:minSdkVersion="24"
9        android:targetSdkVersion="34" />
10
11    <uses-permission android:name="android.permission.INTERNET" />
11-->src\main\AndroidManifest.xml:4:5-67
11-->src\main\AndroidManifest.xml:4:22-64
12    <uses-permission android:name="android.permission.ACCESS_FINE_LOCATION" />
12-->src\main\AndroidManifest.xml:5:5-79
12-->src\main\AndroidManifest.xml:5:22-76
13    <uses-permission android:name="android.permission.ACCESS_COARSE_LOCATION" />
13-->src\main\AndroidManifest.xml:6:5-81
13-->src\main\AndroidManifest.xml:6:22-78
14    <uses-permission android:name="android.permission.ACCESS_NETWORK_STATE" />
14-->[com.google.firebase:firebase-auth:24.2.0] AndroidManifest.xml:26:5-79
14-->[com.google.firebase:firebase-auth:24.2.0] AndroidManifest.xml:26:22-76
15    <uses-permission android:name="com.google.android.providers.gsf.permission.READ_GSERVICES" />
15-->[com.google.android.recaptcha:recaptcha:18.6.1] AndroidManifest.xml:9:5-98
15-->[com.google.android.recaptcha:recaptcha:18.6.1] AndroidManifest.xml:9:22-95
16
17    <permission
17-->[androidx.core:core:1.13.0] AndroidManifest.xml:22:5-24:47
18        android:name="com.noah.japantripplanner.DYNAMIC_RECEIVER_NOT_EXPORTED_PERMISSION"
18-->[androidx.core:core:1.13.0] AndroidManifest.xml:23:9-81
19        android:protectionLevel="signature" />
19-->[androidx.core:core:1.13.0] AndroidManifest.xml:24:9-44
20
21    <uses-permission android:name="com.noah.japantripplanner.DYNAMIC_RECEIVER_NOT_EXPORTED_PERMISSION" />
21-->[androidx.core:core:1.13.0] AndroidManifest.xml:26:5-97
21-->[androidx.core:core:1.13.0] AndroidManifest.xml:26:22-94
22
23    <application
23-->src\main\AndroidManifest.xml:8:5-28:19
24        android:allowBackup="true"
24-->src\main\AndroidManifest.xml:9:9-35
25        android:appComponentFactory="androidx.core.app.CoreComponentFactory"
25-->[androidx.core:core:1.13.0] AndroidManifest.xml:28:18-86
26        android:debuggable="true"
27        android:extractNativeLibs="false"
28        android:icon="@android:drawable/sym_def_app_icon"
28-->src\main\AndroidManifest.xml:10:9-58
29        android:label="Japan Trip Planner"
29-->src\main\AndroidManifest.xml:11:9-43
30        android:testOnly="true"
31        android:theme="@style/Theme.JapanTripPlanner" >
31-->src\main\AndroidManifest.xml:12:9-54
32        <activity
32-->src\main\AndroidManifest.xml:14:9-21:20
33            android:name="com.noah.japantripplanner.LoginActivity"
33-->src\main\AndroidManifest.xml:15:13-42
34            android:exported="true" >
34-->src\main\AndroidManifest.xml:16:13-36
35            <intent-filter>
35-->src\main\AndroidManifest.xml:17:13-20:29
36                <action android:name="android.intent.action.MAIN" />
36-->src\main\AndroidManifest.xml:18:17-69
36-->src\main\AndroidManifest.xml:18:25-66
37
38                <category android:name="android.intent.category.LAUNCHER" />
38-->src\main\AndroidManifest.xml:19:17-77
38-->src\main\AndroidManifest.xml:19:27-74
39            </intent-filter>
40        </activity>
41        <activity
41-->src\main\AndroidManifest.xml:23:9-75
42            android:name="com.noah.japantripplanner.MainActivity"
42-->src\main\AndroidManifest.xml:23:19-47
43            android:exported="false" />
43-->src\main\AndroidManifest.xml:23:48-72
44        <activity
44-->src\main\AndroidManifest.xml:24:9-82
45            android:name="com.noah.japantripplanner.PackingListActivity"
45-->src\main\AndroidManifest.xml:24:19-54
46            android:exported="false" />
46-->src\main\AndroidManifest.xml:24:55-79
47        <activity
47-->src\main\AndroidManifest.xml:25:9-77
48            android:name="com.noah.japantripplanner.BudgetActivity"
48-->src\main\AndroidManifest.xml:25:19-49
49            android:exported="false" />
49-->src\main\AndroidManifest.xml:25:50-74
50        <activity
50-->src\main\AndroidManifest.xml:26:9-76
51            android:name="com.noah.japantripplanner.SpotsActivity"
51-->src\main\AndroidManifest.xml:26:19-48
52            android:exported="false" />
52-->src\main\AndroidManifest.xml:26:49-73
53        <activity
53-->[com.google.firebase:firebase-auth:24.2.0] AndroidManifest.xml:29:9-46:20
54            android:name="com.google.firebase.auth.internal.GenericIdpActivity"
54-->[com.google.firebase:firebase-auth:24.2.0] AndroidManifest.xml:30:13-80
55            android:excludeFromRecents="true"
55-->[com.google.firebase:firebase-auth:24.2.0] AndroidManifest.xml:31:13-46
56            android:exported="true"
56-->[com.google.firebase:firebase-auth:24.2.0] AndroidManifest.xml:32:13-36
57            android:launchMode="singleTask"
57-->[com.google.firebase:firebase-auth:24.2.0] AndroidManifest.xml:33:13-44
58            android:theme="@android:style/Theme.Translucent.NoTitleBar" >
58-->[com.google.firebase:firebase-auth:24.2.0] AndroidManifest.xml:34:13-72
59            <intent-filter>
59-->[com.google.firebase:firebase-auth:24.2.0] AndroidManifest.xml:35:13-45:29
60                <action android:name="android.intent.action.VIEW" />
60-->[com.google.firebase:firebase-auth:24.2.0] AndroidManifest.xml:36:17-69
60-->[com.google.firebase:firebase-auth:24.2.0] AndroidManifest.xml:36:25-66
61
62                <category android:name="android.intent.category.DEFAULT" />
62-->[com.google.firebase:firebase-auth:24.2.0] AndroidManifest.xml:38:17-76
62-->[com.google.firebase:firebase-auth:24.2.0] AndroidManifest.xml:38:27-73
63                <category android:name="android.intent.category.BROWSABLE" />
63-->[com.google.firebase:firebase-auth:24.2.0] AndroidManifest.xml:39:17-78
63-->[com.google.firebase:firebase-auth:24.2.0] AndroidManifest.xml:39:27-75
64
65                <data
65-->[com.google.firebase:firebase-auth:24.2.0] AndroidManifest.xml:41:17-44:51
66                    android:host="firebase.auth"
66-->[com.google.firebase:firebase-auth:24.2.0] AndroidManifest.xml:42:21-49
67                    android:path="/"
67-->[com.google.firebase:firebase-auth:24.2.0] AndroidManifest.xml:43:21-37
68                    android:scheme="genericidp" />
68-->[com.google.firebase:firebase-auth:24.2.0] AndroidManifest.xml:44:21-48
69            </intent-filter>
70        </activity>
71        <activity
71-->[com.google.firebase:firebase-auth:24.2.0] AndroidManifest.xml:47:9-64:20
72            android:name="com.google.firebase.auth.internal.RecaptchaActivity"
72-->[com.google.firebase:firebase-auth:24.2.0] AndroidManifest.xml:48:13-79
73            android:excludeFromRecents="true"
73-->[com.google.firebase:firebase-auth:24.2.0] AndroidManifest.xml:49:13-46
74            android:exported="true"
74-->[com.google.firebase:firebase-auth:24.2.0] AndroidManifest.xml:50:13-36
75            android:launchMode="singleTask"
75-->[com.google.firebase:firebase-auth:24.2.0] AndroidManifest.xml:51:13-44
76            android:theme="@android:style/Theme.Translucent.NoTitleBar" >
76-->[com.google.firebase:firebase-auth:24.2.0] AndroidManifest.xml:52:13-72
77            <intent-filter>
77-->[com.google.firebase:firebase-auth:24.2.0] AndroidManifest.xml:53:13-63:29
78                <action android:name="android.intent.action.VIEW" />
78-->[com.google.firebase:firebase-auth:24.2.0] AndroidManifest.xml:36:17-69
78-->[com.google.firebase:firebase-auth:24.2.0] AndroidManifest.xml:36:25-66
79
80                <category android:name="android.intent.category.DEFAULT" />
80-->[com.google.firebase:firebase-auth:24.2.0] AndroidManifest.xml:38:17-76
80-->[com.google.firebase:firebase-auth:24.2.0] AndroidManifest.xml:38:27-73
81                <category android:name="android.intent.category.BROWSABLE" />
81-->[com.google.firebase:firebase-auth:24.2.0] AndroidManifest.xml:39:17-78
81-->[com.google.firebase:firebase-auth:24.2.0] AndroidManifest.xml:39:27-75
82
83                <data
83-->[com.google.firebase:firebase-auth:24.2.0] AndroidManifest.xml:41:17-44:51
84                    android:host="firebase.auth"
84-->[com.google.firebase:firebase-auth:24.2.0] AndroidManifest.xml:42:21-49
85                    android:path="/"
85-->[com.google.firebase:firebase-auth:24.2.0] AndroidManifest.xml:43:21-37
86                    android:scheme="recaptcha" />
86-->[com.google.firebase:firebase-auth:24.2.0] AndroidManifest.xml:44:21-48
87            </intent-filter>
88        </activity>
89
90        <service
90-->[com.google.firebase:firebase-auth:24.2.0] AndroidManifest.xml:66:9-72:19
91            android:name="com.google.firebase.components.ComponentDiscoveryService"
91-->[com.google.firebase:firebase-auth:24.2.0] AndroidManifest.xml:67:13-84
92            android:directBootAware="true"
92-->[com.google.firebase:firebase-common:22.2.1] AndroidManifest.xml:32:13-43
93            android:exported="false" >
93-->[com.google.firebase:firebase-auth:24.2.0] AndroidManifest.xml:68:13-37
94            <meta-data
94-->[com.google.firebase:firebase-auth:24.2.0] AndroidManifest.xml:69:13-71:85
95                android:name="com.google.firebase.components:com.google.firebase.auth.FirebaseAuthRegistrar"
95-->[com.google.firebase:firebase-auth:24.2.0] AndroidManifest.xml:70:17-109
96                android:value="com.google.firebase.components.ComponentRegistrar" />
96-->[com.google.firebase:firebase-auth:24.2.0] AndroidManifest.xml:71:17-82
97            <meta-data
97-->[com.google.firebase:firebase-firestore:26.6.0] AndroidManifest.xml:17:13-19:85
98                android:name="com.google.firebase.components:com.google.firebase.firestore.FirebaseFirestoreKtxRegistrar"
98-->[com.google.firebase:firebase-firestore:26.6.0] AndroidManifest.xml:18:17-122
99                android:value="com.google.firebase.components.ComponentRegistrar" />
99-->[com.google.firebase:firebase-firestore:26.6.0] AndroidManifest.xml:19:17-82
100            <meta-data
100-->[com.google.firebase:firebase-firestore:26.6.0] AndroidManifest.xml:20:13-22:85
101                android:name="com.google.firebase.components:com.google.firebase.firestore.FirestoreRegistrar"
101-->[com.google.firebase:firebase-firestore:26.6.0] AndroidManifest.xml:21:17-111
102                android:value="com.google.firebase.components.ComponentRegistrar" />
102-->[com.google.firebase:firebase-firestore:26.6.0] AndroidManifest.xml:22:17-82
103            <meta-data
103-->[com.google.firebase:firebase-common:22.2.1] AndroidManifest.xml:35:13-37:85
104                android:name="com.google.firebase.components:com.google.firebase.FirebaseCommonKtxRegistrar"
104-->[com.google.firebase:firebase-common:22.2.1] AndroidManifest.xml:36:17-109
105                android:value="com.google.firebase.components.ComponentRegistrar" />
105-->[com.google.firebase:firebase-common:22.2.1] AndroidManifest.xml:37:17-82
106        </service>
107        <service
107-->[androidx.credentials:credentials-play-services-auth:1.2.0-rc01] AndroidManifest.xml:24:9-32:19
108            android:name="androidx.credentials.playservices.CredentialProviderMetadataHolder"
108-->[androidx.credentials:credentials-play-services-auth:1.2.0-rc01] AndroidManifest.xml:25:13-94
109            android:enabled="true"
109-->[androidx.credentials:credentials-play-services-auth:1.2.0-rc01] AndroidManifest.xml:26:13-35
110            android:exported="false" >
110-->[androidx.credentials:credentials-play-services-auth:1.2.0-rc01] AndroidManifest.xml:27:13-37
111            <meta-data
111-->[androidx.credentials:credentials-play-services-auth:1.2.0-rc01] AndroidManifest.xml:29:13-31:104
112                android:name="androidx.credentials.CREDENTIAL_PROVIDER_KEY"
112-->[androidx.credentials:credentials-play-services-auth:1.2.0-rc01] AndroidManifest.xml:30:17-76
113                android:value="androidx.credentials.playservices.CredentialProviderPlayServicesImpl" />
113-->[androidx.credentials:credentials-play-services-auth:1.2.0-rc01] AndroidManifest.xml:31:17-101
114        </service>
115
116        <activity
116-->[androidx.credentials:credentials-play-services-auth:1.2.0-rc01] AndroidManifest.xml:34:9-41:20
117            android:name="androidx.credentials.playservices.HiddenActivity"
117-->[androidx.credentials:credentials-play-services-auth:1.2.0-rc01] AndroidManifest.xml:35:13-76
118            android:configChanges="orientation|screenSize|screenLayout|keyboardHidden"
118-->[androidx.credentials:credentials-play-services-auth:1.2.0-rc01] AndroidManifest.xml:36:13-87
119            android:enabled="true"
119-->[androidx.credentials:credentials-play-services-auth:1.2.0-rc01] AndroidManifest.xml:37:13-35
120            android:exported="false"
120-->[androidx.credentials:credentials-play-services-auth:1.2.0-rc01] AndroidManifest.xml:38:13-37
121            android:fitsSystemWindows="true"
121-->[androidx.credentials:credentials-play-services-auth:1.2.0-rc01] AndroidManifest.xml:39:13-45
122            android:theme="@style/Theme.Hidden" >
122-->[androidx.credentials:credentials-play-services-auth:1.2.0-rc01] AndroidManifest.xml:40:13-48
123        </activity>
124        <activity
124-->[com.google.android.gms:play-services-auth:20.7.0] AndroidManifest.xml:23:9-27:75
125            android:name="com.google.android.gms.auth.api.signin.internal.SignInHubActivity"
125-->[com.google.android.gms:play-services-auth:20.7.0] AndroidManifest.xml:24:13-93
126            android:excludeFromRecents="true"
126-->[com.google.android.gms:play-services-auth:20.7.0] AndroidManifest.xml:25:13-46
127            android:exported="false"
127-->[com.google.android.gms:play-services-auth:20.7.0] AndroidManifest.xml:26:13-37
128            android:theme="@android:style/Theme.Translucent.NoTitleBar" />
128-->[com.google.android.gms:play-services-auth:20.7.0] AndroidManifest.xml:27:13-72
129        <!--
130            Service handling Google Sign-In user revocation. For apps that do not integrate with
131            Google Sign-In, this service will never be started.
132        -->
133        <service
133-->[com.google.android.gms:play-services-auth:20.7.0] AndroidManifest.xml:33:9-37:51
134            android:name="com.google.android.gms.auth.api.signin.RevocationBoundService"
134-->[com.google.android.gms:play-services-auth:20.7.0] AndroidManifest.xml:34:13-89
135            android:exported="true"
135-->[com.google.android.gms:play-services-auth:20.7.0] AndroidManifest.xml:35:13-36
136            android:permission="com.google.android.gms.auth.api.signin.permission.REVOCATION_NOTIFICATION"
136-->[com.google.android.gms:play-services-auth:20.7.0] AndroidManifest.xml:36:13-107
137            android:visibleToInstantApps="true" />
137-->[com.google.android.gms:play-services-auth:20.7.0] AndroidManifest.xml:37:13-48
138
139        <provider
139-->[com.google.firebase:firebase-common:22.2.1] AndroidManifest.xml:23:9-28:39
140            android:name="com.google.firebase.provider.FirebaseInitProvider"
140-->[com.google.firebase:firebase-common:22.2.1] AndroidManifest.xml:24:13-77
141            android:authorities="com.noah.japantripplanner.firebaseinitprovider"
141-->[com.google.firebase:firebase-common:22.2.1] AndroidManifest.xml:25:13-72
142            android:directBootAware="true"
142-->[com.google.firebase:firebase-common:22.2.1] AndroidManifest.xml:26:13-43
143            android:exported="false"
143-->[com.google.firebase:firebase-common:22.2.1] AndroidManifest.xml:27:13-37
144            android:initOrder="100" />
144-->[com.google.firebase:firebase-common:22.2.1] AndroidManifest.xml:28:13-36
145
146        <activity
146-->[com.google.android.gms:play-services-base:18.9.0] AndroidManifest.xml:20:9-22:45
147            android:name="com.google.android.gms.common.api.GoogleApiActivity"
147-->[com.google.android.gms:play-services-base:18.9.0] AndroidManifest.xml:20:19-85
148            android:exported="false"
148-->[com.google.android.gms:play-services-base:18.9.0] AndroidManifest.xml:22:19-43
149            android:theme="@android:style/Theme.Translucent.NoTitleBar" />
149-->[com.google.android.gms:play-services-base:18.9.0] AndroidManifest.xml:21:19-78
150
151        <provider
151-->[androidx.emoji2:emoji2:1.3.0] AndroidManifest.xml:24:9-32:20
152            android:name="androidx.startup.InitializationProvider"
152-->[androidx.emoji2:emoji2:1.3.0] AndroidManifest.xml:25:13-67
153            android:authorities="com.noah.japantripplanner.androidx-startup"
153-->[androidx.emoji2:emoji2:1.3.0] AndroidManifest.xml:26:13-68
154            android:exported="false" >
154-->[androidx.emoji2:emoji2:1.3.0] AndroidManifest.xml:27:13-37
155            <meta-data
155-->[androidx.emoji2:emoji2:1.3.0] AndroidManifest.xml:29:13-31:52
156                android:name="androidx.emoji2.text.EmojiCompatInitializer"
156-->[androidx.emoji2:emoji2:1.3.0] AndroidManifest.xml:30:17-75
157                android:value="androidx.startup" />
157-->[androidx.emoji2:emoji2:1.3.0] AndroidManifest.xml:31:17-49
158            <meta-data
158-->[androidx.lifecycle:lifecycle-process:2.6.2] AndroidManifest.xml:29:13-31:52
159                android:name="androidx.lifecycle.ProcessLifecycleInitializer"
159-->[androidx.lifecycle:lifecycle-process:2.6.2] AndroidManifest.xml:30:17-78
160                android:value="androidx.startup" />
160-->[androidx.lifecycle:lifecycle-process:2.6.2] AndroidManifest.xml:31:17-49
161            <meta-data
161-->[androidx.profileinstaller:profileinstaller:1.3.1] AndroidManifest.xml:29:13-31:52
162                android:name="androidx.profileinstaller.ProfileInstallerInitializer"
162-->[androidx.profileinstaller:profileinstaller:1.3.1] AndroidManifest.xml:30:17-85
163                android:value="androidx.startup" />
163-->[androidx.profileinstaller:profileinstaller:1.3.1] AndroidManifest.xml:31:17-49
164        </provider>
165
166        <meta-data
166-->[com.google.android.gms:play-services-basement:18.9.0] AndroidManifest.xml:21:9-23:69
167            android:name="com.google.android.gms.version"
167-->[com.google.android.gms:play-services-basement:18.9.0] AndroidManifest.xml:22:13-58
168            android:value="@integer/google_play_services_version" />
168-->[com.google.android.gms:play-services-basement:18.9.0] AndroidManifest.xml:23:13-66
169
170        <receiver
170-->[androidx.profileinstaller:profileinstaller:1.3.1] AndroidManifest.xml:34:9-52:20
171            android:name="androidx.profileinstaller.ProfileInstallReceiver"
171-->[androidx.profileinstaller:profileinstaller:1.3.1] AndroidManifest.xml:35:13-76
172            android:directBootAware="false"
172-->[androidx.profileinstaller:profileinstaller:1.3.1] AndroidManifest.xml:36:13-44
173            android:enabled="true"
173-->[androidx.profileinstaller:profileinstaller:1.3.1] AndroidManifest.xml:37:13-35
174            android:exported="true"
174-->[androidx.profileinstaller:profileinstaller:1.3.1] AndroidManifest.xml:38:13-36
175            android:permission="android.permission.DUMP" >
175-->[androidx.profileinstaller:profileinstaller:1.3.1] AndroidManifest.xml:39:13-57
176            <intent-filter>
176-->[androidx.profileinstaller:profileinstaller:1.3.1] AndroidManifest.xml:40:13-42:29
177                <action android:name="androidx.profileinstaller.action.INSTALL_PROFILE" />
177-->[androidx.profileinstaller:profileinstaller:1.3.1] AndroidManifest.xml:41:17-91
177-->[androidx.profileinstaller:profileinstaller:1.3.1] AndroidManifest.xml:41:25-88
178            </intent-filter>
179            <intent-filter>
179-->[androidx.profileinstaller:profileinstaller:1.3.1] AndroidManifest.xml:43:13-45:29
180                <action android:name="androidx.profileinstaller.action.SKIP_FILE" />
180-->[androidx.profileinstaller:profileinstaller:1.3.1] AndroidManifest.xml:44:17-85
180-->[androidx.profileinstaller:profileinstaller:1.3.1] AndroidManifest.xml:44:25-82
181            </intent-filter>
182            <intent-filter>
182-->[androidx.profileinstaller:profileinstaller:1.3.1] AndroidManifest.xml:46:13-48:29
183                <action android:name="androidx.profileinstaller.action.SAVE_PROFILE" />
183-->[androidx.profileinstaller:profileinstaller:1.3.1] AndroidManifest.xml:47:17-88
183-->[androidx.profileinstaller:profileinstaller:1.3.1] AndroidManifest.xml:47:25-85
184            </intent-filter>
185            <intent-filter>
185-->[androidx.profileinstaller:profileinstaller:1.3.1] AndroidManifest.xml:49:13-51:29
186                <action android:name="androidx.profileinstaller.action.BENCHMARK_OPERATION" />
186-->[androidx.profileinstaller:profileinstaller:1.3.1] AndroidManifest.xml:50:17-95
186-->[androidx.profileinstaller:profileinstaller:1.3.1] AndroidManifest.xml:50:25-92
187            </intent-filter>
188        </receiver> <!-- The activities will be merged into the manifest of the hosting app. -->
189        <activity
189-->[com.google.android.play:core-common:2.0.3] AndroidManifest.xml:14:9-18:65
190            android:name="com.google.android.play.core.common.PlayCoreDialogWrapperActivity"
190-->[com.google.android.play:core-common:2.0.3] AndroidManifest.xml:15:13-93
191            android:exported="false"
191-->[com.google.android.play:core-common:2.0.3] AndroidManifest.xml:16:13-37
192            android:stateNotNeeded="true"
192-->[com.google.android.play:core-common:2.0.3] AndroidManifest.xml:17:13-42
193            android:theme="@style/Theme.PlayCore.Transparent" />
193-->[com.google.android.play:core-common:2.0.3] AndroidManifest.xml:18:13-62
194    </application>
195
196</manifest>